<?xml version="1.0" encoding="UTF-8"?>
<testsuite name="com.grupo4.topTrend.TopTrendApplicationTests" tests="1" skipped="0" failures="0" errors="0" timestamp="2023-07-05T19:06:42" hostname="LAPTOP-17FPTRA5" time="0.381">
  <properties/>
  <testcase name="contextLoads()" classname="com.grupo4.topTrend.TopTrendApplicationTests" time="0.381"/>
  <system-out><![CDATA[13:06:36.844 [Test worker] INFO org.springframework.test.context.support.AnnotationConfigContextLoaderUtils -- Could not detect default configuration classes for test class [com.grupo4.topTrend.TopTrendApplicationTests]: TopTrendApplicationTests does not declare any static, non-private, non-final, nested classes annotated with @Configuration.
13:06:36.944 [Test worker] INFO org.springframework.boot.test.context.SpringBootTestContextBootstrapper -- Found @SpringBootConfiguration com.grupo4.topTrend.TopTrendApplication for test class com.grupo4.topTrend.TopTrendApplicationTests

  .   ____          _            __ _ _
 /\\ / ___'_ __ _ _(_)_ __  __ _ \ \ \ \
( ( )\___ | '_ | '_| | '_ \/ _` | \ \ \ \
 \\/  ___)| |_)| | | | | || (_| |  ) ) ) )
  '  |____| .__|_| |_|_| |_\__, | / / / /
 =========|_|==============|___/=/_/_/_/
 :: Spring Boot ::                (v3.1.0)

2023-07-05T13:06:37.310-06:00  INFO 15188 --- [    Test worker] c.g.topTrend.TopTrendApplicationTests    : Starting TopTrendApplicationTests using Java 19.0.2 with PID 15188 (started by Madriz in C:\Users\Madriz\Documents\Programacion N-Capas\Api-events)
2023-07-05T13:06:37.310-06:00  INFO 15188 --- [    Test worker] c.g.topTrend.TopTrendApplicationTests    : No active profile set, falling back to 1 default profile: "default"
2023-07-05T13:06:37.990-06:00  INFO 15188 --- [    Test worker] .s.d.r.c.RepositoryConfigurationDelegate : Bootstrapping Spring Data JPA repositories in DEFAULT mode.
2023-07-05T13:06:38.068-06:00  INFO 15188 --- [    Test worker] .s.d.r.c.RepositoryConfigurationDelegate : Finished Spring Data repository scanning in 77 ms. Found 12 JPA repository interfaces.
2023-07-05T13:06:38.633-06:00  INFO 15188 --- [    Test worker] com.zaxxer.hikari.HikariDataSource       : HikariPool-1 - Starting...
2023-07-05T13:06:38.866-06:00  INFO 15188 --- [    Test worker] com.zaxxer.hikari.pool.HikariPool        : HikariPool-1 - Added connection org.postgresql.jdbc.PgConnection@4c38cd16
2023-07-05T13:06:38.869-06:00  INFO 15188 --- [    Test worker] com.zaxxer.hikari.HikariDataSource       : HikariPool-1 - Start completed.
2023-07-05T13:06:38.930-06:00  INFO 15188 --- [    Test worker] o.hibernate.jpa.internal.util.LogHelper  : HHH000204: Processing PersistenceUnitInfo [name: default]
2023-07-05T13:06:38.984-06:00  INFO 15188 --- [    Test worker] org.hibernate.Version                    : HHH000412: Hibernate ORM core version 6.2.2.Final
2023-07-05T13:06:38.987-06:00  INFO 15188 --- [    Test worker] org.hibernate.cfg.Environment            : HHH000406: Using bytecode reflection optimizer
2023-07-05T13:06:39.156-06:00  INFO 15188 --- [    Test worker] o.h.b.i.BytecodeProviderInitiator        : HHH000021: Bytecode provider name : bytebuddy
2023-07-05T13:06:39.312-06:00  INFO 15188 --- [    Test worker] o.s.o.j.p.SpringPersistenceUnitInfo      : No LoadTimeWeaver setup: ignoring JPA class transformer
2023-07-05T13:06:39.362-06:00  INFO 15188 --- [    Test worker] org.hibernate.orm.dialect                : HHH035001: Using dialect: org.hibernate.dialect.PostgreSQLDialect, version: org.hibernate.engine.jdbc.env.internal.JdbcEnvironmentInitiator$DialectResolutionInfoImpl@1fd37440
2023-07-05T13:06:39.601-06:00  INFO 15188 --- [    Test worker] o.h.b.i.BytecodeProviderInitiator        : HHH000021: Bytecode provider name : bytebuddy
2023-07-05T13:06:40.324-06:00  INFO 15188 --- [    Test worker] o.h.e.t.j.p.i.JtaPlatformInitiator       : HHH000490: Using JtaPlatform implementation: [org.hibernate.engine.transaction.jta.platform.internal.NoJtaPlatform]
2023-07-05T13:06:40.324-06:00  INFO 15188 --- [    Test worker] j.LocalContainerEntityManagerFactoryBean : Initialized JPA EntityManagerFactory for persistence unit 'default'
2023-07-05T13:06:40.968-06:00  INFO 15188 --- [    Test worker] o.s.d.j.r.query.QueryEnhancerFactory     : Hibernate is in classpath; If applicable, HQL parser will be used.
2023-07-05T13:06:41.360-06:00  WARN 15188 --- [    Test worker] JpaBaseConfiguration$JpaWebConfiguration : spring.jpa.open-in-view is enabled by default. Therefore, database queries may be performed during view rendering. Explicitly configure spring.jpa.open-in-view to disable this warning
2023-07-05T13:06:41.723-06:00  INFO 15188 --- [    Test worker] o.s.s.web.DefaultSecurityFilterChain     : Will secure any request with [org.springframework.security.web.session.DisableEncodeUrlFilter@4fec93d0, org.springframework.security.web.context.request.async.WebAsyncManagerIntegrationFilter@2cea41ab, org.springframework.security.web.context.SecurityContextHolderFilter@378456cb, org.springframework.security.web.header.HeaderWriterFilter@35ab0bf3, org.springframework.web.filter.CorsFilter@4c1c134, org.springframework.security.web.authentication.logout.LogoutFilter@24032706, com.grupo4.topTrend.utils.JWTTokenFilter@45f70f68, org.springframework.security.web.authentication.www.BasicAuthenticationFilter@500d4de8, org.springframework.security.web.savedrequest.RequestCacheAwareFilter@5ed6a36a, org.springframework.security.web.servletapi.SecurityContextHolderAwareRequestFilter@200cbb63, org.springframework.security.web.authentication.AnonymousAuthenticationFilter@486480e2, org.springframework.security.web.session.SessionManagementFilter@58dd584a, org.springframework.security.web.access.ExceptionTranslationFilter@1007954a, org.springframework.security.web.access.intercept.AuthorizationFilter@4414ee28]
2023-07-05T13:06:42.031-06:00  INFO 15188 --- [    Test worker] c.g.topTrend.TopTrendApplicationTests    : Started TopTrendApplicationTests in 4.945 seconds (process running for 6.036)
]]></system-out>
  <system-err><![CDATA[]]></system-err>
</testsuite>
